0 verbose cli C:\Program Files\nodejs\node.exe C:\Users\user\AppData\Roaming\npm\node_modules\npm\bin\npm-cli.js
1 info using npm@11.6.1
2 info using node@v22.20.0
3 silly config load:file:C:\Users\user\AppData\Roaming\npm\node_modules\npm\npmrc
4 silly config load:file:C:\Users\user\Desktop\PROJECTS\Shule hub\apps\web\.npmrc
5 silly config load:file:C:\Users\user\.npmrc
6 silly config load:file:C:\Users\user\AppData\Roaming\npm\etc\npmrc
7 verbose title npm install
8 verbose argv "install" "--no-audit"
9 verbose logfile logs-max:10 dir:C:\Users\user\Desktop\PROJECTS\Shule hub\apps\web\.npm-cache\_logs\2026-05-06T19_39_42_152Z-
10 verbose logfile C:\Users\user\Desktop\PROJECTS\Shule hub\apps\web\.npm-cache\_logs\2026-05-06T19_39_42_152Z-debug-0.log
11 silly logfile done cleaning log files
12 silly packumentCache heap:2197815296 maxSize:549453824 maxEntrySize:274726912
13 silly idealTree buildDeps
14 silly reify moves {}
15 verbose cwd C:\Users\user\Desktop\PROJECTS\Shule hub\apps\web
16 verbose os Windows_NT 10.0.22000
17 verbose node v22.20.0
18 verbose npm  v11.6.1
19 verbose exit 0
20 info ok
