0 verbose cli C:\Program Files\nodejs\node.exe C:\Users\user\AppData\Roaming\npm\node_modules\npm\bin\npm-cli.js
1 info using npm@11.6.1
2 info using node@v22.20.0
3 silly config load:file:C:\Users\user\AppData\Roaming\npm\node_modules\npm\npmrc
4 silly config load:file:C:\Users\user\Desktop\PROJECTS\Shule hub\apps\web\.npmrc
5 silly config load:file:C:\Users\user\.npmrc
6 silly config load:file:C:\Users\user\AppData\Roaming\npm\etc\npmrc
7 verbose title npm exec vercel --prod --yes
8 verbose argv "exec" "--" "vercel" "--prod" "--yes"
9 verbose logfile logs-max:10 dir:C:\Users\user\Desktop\PROJECTS\Shule hub\apps\web\.npm-cache\_logs\2026-05-06T19_46_51_773Z-
10 verbose logfile C:\Users\user\Desktop\PROJECTS\Shule hub\apps\web\.npm-cache\_logs\2026-05-06T19_46_51_773Z-debug-0.log
11 silly logfile done cleaning log files
12 silly packumentCache heap:2197815296 maxSize:549453824 maxEntrySize:274726912
13 http fetch GET 200 https://registry.npmjs.org/vercel 474ms (cache revalidated)
14 silly packumentCache heap:2197815296 maxSize:549453824 maxEntrySize:274726912
15 silly packumentCache heap:2197815296 maxSize:549453824 maxEntrySize:274726912
16 verbose cwd C:\Users\user\Desktop\PROJECTS\Shule hub\apps\web
17 verbose os Windows_NT 10.0.22000
18 verbose node v22.20.0
19 verbose npm  v11.6.1
20 verbose exit 0
21 info ok
